[INFO  - 2017-04-24T15:47:04.679Z] GhostDriver - Main - running on port 5255
[INFO  - 2017-04-24T15:47:07.958Z] Session [45ba44e0-2905-11e7-8055-893c569a3e1c] - page.settings - {"XSSAuditingEnabled":false,"javascriptCanCloseWindows":true,"javascriptCanOpenWindows":true,"javascriptEnabled":true,"loadImages":true,"localToRemoteUrlAccessEnabled":false,"userAgent":"Mozilla/5.0 (Windows NT 6.1) AppleWebKit/538.1 (KHTML, like Gecko) PhantomJS/2.1.1 Safari/538.1","webSecurityEnabled":true}
[INFO  - 2017-04-24T15:47:07.958Z] Session [45ba44e0-2905-11e7-8055-893c569a3e1c] - page.customHeaders:  - {}
[INFO  - 2017-04-24T15:47:07.958Z] Session [45ba44e0-2905-11e7-8055-893c569a3e1c] - Session.negotiatedCapabilities - {"browserName":"phantomjs","version":"2.1.1","driverName":"ghostdriver","driverVersion":"1.2.0","platform":"windows-7-32bit","javascriptEnabled":true,"takesScreenshot":true,"handlesAlerts":false,"databaseEnabled":false,"locationContextEnabled":false,"applicationCacheEnabled":false,"browserConnectionEnabled":false,"cssSelectorsEnabled":true,"webStorageEnabled":false,"rotatable":false,"acceptSslCerts":false,"nativeEvents":true,"proxy":{"proxyType":"direct"}}
[INFO  - 2017-04-24T15:47:07.958Z] SessionManagerReqHand - _postNewSessionCommand - New Session Created: 45ba44e0-2905-11e7-8055-893c569a3e1c
[ERROR - 2017-04-24T15:47:11.239Z] Session [45ba44e0-2905-11e7-8055-893c569a3e1c] - page.onError - msg: TypeError: undefined is not a constructor (evaluating 'a("tkapi-click").run(b)')

  phantomjs://platform/console++.js:263 in error
[ERROR - 2017-04-24T15:47:11.240Z] Session [45ba44e0-2905-11e7-8055-893c569a3e1c] - page.onError - stack:
  (anonymous function) (http://a.alimama.cn/tkapi.js:1)
  (anonymous function) (http://a.alimama.cn/tkapi.js:1)
  (anonymous function) (http://a.alimama.cn/tkapi.js:1)
  d (http://a.alimama.cn/tkapi.js:1)
  (anonymous function) (http://a.alimama.cn/tkapi.js:1)
  d (http://a.alimama.cn/tkapi.js:1)
  (anonymous function) (http://a.alimama.cn/tkapi.js:1)
  d (http://a.alimama.cn/tkapi.js:1)
  _aM (http://a.alimama.cn/tkapi.js:1)
  (anonymous function) (http://a.alimama.cn/tkapi.js:1)
  (anonymous function) (http://a.alimama.cn/tkapi.js:1)
  (anonymous function) (http://a.alimama.cn/tkapi.js:1)
  insertBefore (:0)
  getScript (http://a.alimama.cn/tkapi.js:1)
  (anonymous function) (http://a.alimama.cn/tkapi.js:1)
  (anonymous function) (http://a.alimama.cn/tkapi.js:1)
  path (http://a.alimama.cn/tkapi.js:1)
  _gPath (http://a.alimama.cn/tkapi.js:1)
  _lM (http://a.alimama.cn/tkapi.js:1)
  _aM (http://a.alimama.cn/tkapi.js:1)
  (anonymous function) (http://a.alimama.cn/tkapi.js:1)
  multiAsync (http://a.alimama.cn/tkapi.js:1)
  _aMs (http://a.alimama.cn/tkapi.js:1)
  use (http://a.alimama.cn/tkapi.js:1)
  provide (http://a.alimama.cn/tkapi.js:1)
  alimamatk_show (http://a.alimama.cn/tkapi.js:1)
  (anonymous function) (http://a.alimama.cn/tkapi.js:1)

  phantomjs://platform/console++.js:263 in error
